<?xml version="1.0" encoding="UTF-8"?>
<testsuite xmlns:xsi="http://www.w3.org/2001/XMLSchema-instance" xsi:noNamespaceSchemaLocation="https://maven.apache.org/surefire/maven-surefire-plugin/xsd/surefire-test-report-3.0.xsd" version="3.0" name="com.in28minutes.microservices.limitsservice.LimitsServiceApplicationTests" time="3.529" tests="1" errors="0" skipped="0" failures="0">
  <properties>
[...]
</properties>
  <testcase name="contextLoads" classname="com.in28minutes.microservices.limitsservice.LimitsServiceApplicationTests" time="0.373">
    <system-out><![CDATA[20:40:32.162 [main] INFO org.springframework.test.context.support.AnnotationConfigContextLoaderUtils -- Could not detect default configuration classes for test class [com.in28minutes.microservices.limitsservice.LimitsServiceApplicationTests]: LimitsServiceApplicationTests does not declare any static, non-private, non-final, nested classes annotated with @Configuration.
20:40:32.209 [main] INFO org.springframework.boot.test.context.SpringBootTestContextBootstrapper -- Found @SpringBootConfiguration com.in28minutes.microservices.limitsservice.LimitsServiceApplication for test class com.in28minutes.microservices.limitsservice.LimitsServiceApplicationTests
20:40:32.286 [main] INFO org.springframework.boot.devtools.restart.RestartApplicationListener -- Restart disabled due to context in which it is running

  .   ____          _            __ _ _
 /\\ / ___'_ __ _ _(_)_ __  __ _ \ \ \ \
( ( )\___ | '_ | '_| | '_ \/ _` | \ \ \ \
 \\/  ___)| |_)| | | | | || (_| |  ) ) ) )
  '  |____| .__|_| |_|_| |_\__, | / / / /
 =========|_|==============|___/=/_/_/_/
 :: Spring Boot ::                (v3.2.1)

2024-06-08T20:40:32.636+07:00  INFO 99372 --- [limits-service] [           main] c.i.m.l.LimitsServiceApplicationTests    : Starting LimitsServiceApplicationTests using Java 21.0.3 with PID 99372 (started by tony in /Users/tony/Documents/study/shorted-link-pro/limits-service)
2024-06-08T20:40:32.636+07:00  INFO 99372 --- [limits-service] [           main] c.i.m.l.LimitsServiceApplicationTests    : The following 1 profile is active: "qa"
2024-06-08T20:40:32.651+07:00  INFO 99372 --- [limits-service] [           main] o.s.c.c.c.ConfigServerConfigDataLoader   : Fetching config from server at : http://localhost:8888
2024-06-08T20:40:32.651+07:00  INFO 99372 --- [limits-service] [           main] o.s.c.c.c.ConfigServerConfigDataLoader   : Exception on Url - http://localhost:8888:org.springframework.web.client.ResourceAccessException: I/O error on GET request for "http://localhost:8888/limits-service/qa": Connection refused. Will be trying the next url if available
2024-06-08T20:40:32.651+07:00  WARN 99372 --- [limits-service] [           main] o.s.c.c.c.ConfigServerConfigDataLoader   : Could not locate PropertySource ([ConfigServerConfigDataResource@5cd61783 uris = array<String>['http://localhost:8888'], optional = true, profiles = 'qa']): I/O error on GET request for "http://localhost:8888/limits-service/qa": Connection refused
2024-06-08T20:40:32.651+07:00  INFO 99372 --- [limits-service] [           main] o.s.c.c.c.ConfigServerConfigDataLoader   : Fetching config from server at : http://localhost:8888
2024-06-08T20:40:32.651+07:00  INFO 99372 --- [limits-service] [           main] o.s.c.c.c.ConfigServerConfigDataLoader   : Exception on Url - http://localhost:8888:org.springframework.web.client.ResourceAccessException: I/O error on GET request for "http://localhost:8888/limits-service/qa": Connection refused. Will be trying the next url if available
2024-06-08T20:40:32.651+07:00  WARN 99372 --- [limits-service] [           main] o.s.c.c.c.ConfigServerConfigDataLoader   : Could not locate PropertySource ([ConfigServerConfigDataResource@511505e7 uris = array<String>['http://localhost:8888'], optional = true, profiles = 'qa']): I/O error on GET request for "http://localhost:8888/limits-service/qa": Connection refused
2024-06-08T20:40:32.651+07:00  INFO 99372 --- [limits-service] [           main] o.s.c.c.c.ConfigServerConfigDataLoader   : Fetching config from server at : http://localhost:8888
2024-06-08T20:40:32.651+07:00  INFO 99372 --- [limits-service] [           main] o.s.c.c.c.ConfigServerConfigDataLoader   : Exception on Url - http://localhost:8888:org.springframework.web.client.ResourceAccessException: I/O error on GET request for "http://localhost:8888/limits-service/qa": Connection refused. Will be trying the next url if available
2024-06-08T20:40:32.652+07:00  WARN 99372 --- [limits-service] [           main] o.s.c.c.c.ConfigServerConfigDataLoader   : Could not locate PropertySource ([ConfigServerConfigDataResource@646811d6 uris = array<String>['http://localhost:8888'], optional = true, profiles = 'qa']): I/O error on GET request for "http://localhost:8888/limits-service/qa": Connection refused
2024-06-08T20:40:33.046+07:00  INFO 99372 --- [limits-service] [           main] .s.d.r.c.RepositoryConfigurationDelegate : Bootstrapping Spring Data JPA repositories in DEFAULT mode.
2024-06-08T20:40:33.069+07:00  INFO 99372 --- [limits-service] [           main] .s.d.r.c.RepositoryConfigurationDelegate : Finished Spring Data repository scanning in 19 ms. Found 1 JPA repository interface.
2024-06-08T20:40:33.139+07:00  INFO 99372 --- [limits-service] [           main] o.s.cloud.context.scope.GenericScope     : BeanFactory id=8234e573-c511-3297-a304-44ae971dfead
2024-06-08T20:40:33.397+07:00  INFO 99372 --- [limits-service] [           main] com.zaxxer.hikari.HikariDataSource       : HikariPool-1 - Starting...
2024-06-08T20:40:33.494+07:00  INFO 99372 --- [limits-service] [           main] com.zaxxer.hikari.pool.HikariPool        : HikariPool-1 - Added connection conn0: url=jdbc:h2:mem:bc605a0f-8b32-416b-8d24-454f5db35e1f user=SA
2024-06-08T20:40:33.495+07:00  INFO 99372 --- [limits-service] [           main] com.zaxxer.hikari.HikariDataSource       : HikariPool-1 - Start completed.
2024-06-08T20:40:33.522+07:00  INFO 99372 --- [limits-service] [           main] o.hibernate.jpa.internal.util.LogHelper  : HHH000204: Processing PersistenceUnitInfo [name: default]
2024-06-08T20:40:33.562+07:00  INFO 99372 --- [limits-service] [           main] org.hibernate.Version                    : HHH000412: Hibernate ORM core version 6.4.1.Final
2024-06-08T20:40:33.577+07:00  INFO 99372 --- [limits-service] [           main] o.h.c.internal.RegionFactoryInitiator    : HHH000026: Second-level cache disabled
2024-06-08T20:40:33.681+07:00  INFO 99372 --- [limits-service] [           main] o.s.o.j.p.SpringPersistenceUnitInfo      : No LoadTimeWeaver setup: ignoring JPA class transformer
2024-06-08T20:40:34.108+07:00  INFO 99372 --- [limits-service] [           main] o.h.e.t.j.p.i.JtaPlatformInitiator       : HHH000489: No JTA platform available (set 'hibernate.transaction.jta.platform' to enable JTA platform integration)
2024-06-08T20:40:34.136+07:00  INFO 99372 --- [limits-service] [           main] j.LocalContainerEntityManagerFactoryBean : Initialized JPA EntityManagerFactory for persistence unit 'default'
2024-06-08T20:40:34.481+07:00  WARN 99372 --- [limits-service] [           main] JpaBaseConfiguration$JpaWebConfiguration : spring.jpa.open-in-view is enabled by default. Therefore, database queries may be performed during view rendering. Explicitly configure spring.jpa.open-in-view to disable this warning
2024-06-08T20:40:35.040+07:00  INFO 99372 --- [limits-service] [           main] o.s.b.a.e.web.EndpointLinksResolver      : Exposing 1 endpoint(s) beneath base path '/actuator'
2024-06-08T20:40:35.134+07:00  INFO 99372 --- [limits-service] [           main] c.i.m.l.LimitsServiceApplicationTests    : Started LimitsServiceApplicationTests in 2.855 seconds (process running for 3.299)
]]></system-out>
    <system-err><![CDATA[WARNING: A Java agent has been loaded dynamically (/Users/tony/.m2/repository/net/bytebuddy/byte-buddy-agent/1.14.10/byte-buddy-agent-1.14.10.jar)
WARNING: If a serviceability tool is in use, please run with -XX:+EnableDynamicAgentLoading to hide this warning
WARNING: If a serviceability tool is not in use, please run with -Djdk.instrument.traceUsage for more information
WARNING: Dynamic loading of agents will be disallowed by default in a future release
]]></system-err>
  </testcase>
</testsuite>